Configuring attoparsec-0.13.1.0...
Building attoparsec-0.13.1.0...
Preprocessing library attoparsec-0.13.1.0...
[ 1 of 21] Compiling Data.Attoparsec.Text.FastSet ( Data/Attoparsec/Text/FastSet.hs, dist/build/Data/Attoparsec/Text/FastSet.o )
[ 2 of 21] Compiling Data.Attoparsec.Internal.Fhthagn ( Data/Attoparsec/Internal/Fhthagn.hs, dist/build/Data/Attoparsec/Internal/Fhthagn.o )
[ 3 of 21] Compiling Data.Attoparsec.Text.Buffer ( Data/Attoparsec/Text/Buffer.hs, dist/build/Data/Attoparsec/Text/Buffer.o )
[ 4 of 21] Compiling Data.Attoparsec.ByteString.Buffer ( Data/Attoparsec/ByteString/Buffer.hs, dist/build/Data/Attoparsec/ByteString/Buffer.o )
[ 5 of 21] Compiling Data.Attoparsec.Zepto ( Data/Attoparsec/Zepto.hs, dist/build/Data/Attoparsec/Zepto.o )
[ 6 of 21] Compiling Data.Attoparsec.Number ( Data/Attoparsec/Number.hs, dist/build/Data/Attoparsec/Number.o )
[ 7 of 21] Compiling Data.Attoparsec.ByteString.FastSet ( Data/Attoparsec/ByteString/FastSet.hs, dist/build/Data/Attoparsec/ByteString/FastSet.o )
[ 8 of 21] Compiling Data.Attoparsec.Internal.Types ( Data/Attoparsec/Internal/Types.hs, dist/build/Data/Attoparsec/Internal/Types.o )
[ 9 of 21] Compiling Data.Attoparsec.Types ( Data/Attoparsec/Types.hs, dist/build/Data/Attoparsec/Types.o )
[10 of 21] Compiling Data.Attoparsec.Internal ( Data/Attoparsec/Internal.hs, dist/build/Data/Attoparsec/Internal.o )
[11 of 21] Compiling Data.Attoparsec.Combinator ( Data/Attoparsec/Combinator.hs, dist/build/Data/Attoparsec/Combinator.o )
[12 of 21] Compiling Data.Attoparsec.ByteString.Internal ( Data/Attoparsec/ByteString/Internal.hs, dist/build/Data/Attoparsec/ByteString/Internal.o )
[13 of 21] Compiling Data.Attoparsec.Text.Internal ( Data/Attoparsec/Text/Internal.hs, dist/build/Data/Attoparsec/Text/Internal.o )
[14 of 21] Compiling Data.Attoparsec.Text ( Data/Attoparsec/Text.hs, dist/build/Data/Attoparsec/Text.o )
[15 of 21] Compiling Data.Attoparsec.Text.Lazy ( Data/Attoparsec/Text/Lazy.hs, dist/build/Data/Attoparsec/Text/Lazy.o )
[16 of 21] Compiling Data.Attoparsec.ByteString ( Data/Attoparsec/ByteString.hs, dist/build/Data/Attoparsec/ByteString.o )
[17 of 21] Compiling Data.Attoparsec.ByteString.Char8 ( Data/Attoparsec/ByteString/Char8.hs, dist/build/Data/Attoparsec/ByteString/Char8.o )
[18 of 21] Compiling Data.Attoparsec.Char8 ( Data/Attoparsec/Char8.hs, dist/build/Data/Attoparsec/Char8.o )
[19 of 21] Compiling Data.Attoparsec.ByteString.Lazy ( Data/Attoparsec/ByteString/Lazy.hs, dist/build/Data/Attoparsec/ByteString/Lazy.o )
[20 of 21] Compiling Data.Attoparsec.Lazy ( Data/Attoparsec/Lazy.hs, dist/build/Data/Attoparsec/Lazy.o )
[21 of 21] Compiling Data.Attoparsec  ( Data/Attoparsec.hs, dist/build/Data/Attoparsec.o )
Installing library in
/home/travis/.cabal/store/ghc-8.0.1/attoparsec-0.13.1.0-0a1ad01537899f3a81397ac9af3b142d27549fa5fddb42405320b3072e6a334f/lib
Creating package registration file:
/home/travis/build/ezyang/cabal/dist-newstyle/tmp/package-registration-982906996135497281
