Configuring primitive-0.6.2.0...
Building primitive-0.6.2.0...
Preprocessing library primitive-0.6.2.0...
[ 1 of 12] Compiling Data.Primitive.Internal.Compat ( Data/Primitive/Internal/Compat.hs, dist/build/Data/Primitive/Internal/Compat.o )
[ 2 of 12] Compiling Data.Primitive.MachDeps ( Data/Primitive/MachDeps.hs, dist/build/Data/Primitive/MachDeps.o )
[ 3 of 12] Compiling Data.Primitive.Internal.Operations ( Data/Primitive/Internal/Operations.hs, dist/build/Data/Primitive/Internal/Operations.o )
[ 4 of 12] Compiling Control.Monad.Primitive ( Control/Monad/Primitive.hs, dist/build/Control/Monad/Primitive.o )

Control/Monad/Primitive.hs:47:1: warning: [-Wdeprecations]
    Module ‘Control.Monad.Trans.Error’ is deprecated:
      Use Control.Monad.Trans.Except instead

Control/Monad/Primitive.hs:109:11: warning: [-Wdeprecations]
    In the use of type constructor or class ‘Error’
    (imported from Control.Monad.Trans.Error):
    Deprecated: "Use Control.Monad.Trans.Except instead"

Control/Monad/Primitive.hs:109:47: warning: [-Wdeprecations]
    In the use of type constructor or class ‘ErrorT’
    (imported from Control.Monad.Trans.Error):
    Deprecated: "Use Control.Monad.Trans.Except instead"

Control/Monad/Primitive.hs:110:19: warning: [-Wdeprecations]
    In the use of type constructor or class ‘ErrorT’
    (imported from Control.Monad.Trans.Error):
    Deprecated: "Use Control.Monad.Trans.Except instead"
[ 5 of 12] Compiling Data.Primitive.Types ( Data/Primitive/Types.hs, dist/build/Data/Primitive/Types.o )
[ 6 of 12] Compiling Data.Primitive.Array ( Data/Primitive/Array.hs, dist/build/Data/Primitive/Array.o )
[ 7 of 12] Compiling Data.Primitive.ByteArray ( Data/Primitive/ByteArray.hs, dist/build/Data/Primitive/ByteArray.o )
[ 8 of 12] Compiling Data.Primitive.Addr ( Data/Primitive/Addr.hs, dist/build/Data/Primitive/Addr.o )
[ 9 of 12] Compiling Data.Primitive   ( Data/Primitive.hs, dist/build/Data/Primitive.o )
[10 of 12] Compiling Data.Primitive.SmallArray ( Data/Primitive/SmallArray.hs, dist/build/Data/Primitive/SmallArray.o )
[11 of 12] Compiling Data.Primitive.MutVar ( Data/Primitive/MutVar.hs, dist/build/Data/Primitive/MutVar.o )
[12 of 12] Compiling Data.Primitive.UnliftedArray ( Data/Primitive/UnliftedArray.hs, dist/build/Data/Primitive/UnliftedArray.o )
Installing library in
/home/travis/.cabal/store/ghc-8.0.1/primitive-0.6.2.0-9e2de24b6c97582e92390d6c501ffba789200880c544ee709a4f7a59daac5ed7/lib
Creating package registration file:
/home/travis/build/ezyang/cabal/dist-newstyle/tmp/package-registration-7407593551285228804
