Configuring QuickCheck-2.9.2...
Building QuickCheck-2.9.2...
Preprocessing library QuickCheck-2.9.2...
[ 1 of 15] Compiling Test.QuickCheck.Random ( Test/QuickCheck/Random.hs, dist/build/Test/QuickCheck/Random.o )
[ 2 of 15] Compiling Test.QuickCheck.Exception ( Test/QuickCheck/Exception.hs, dist/build/Test/QuickCheck/Exception.o )
[ 3 of 15] Compiling Test.QuickCheck.Text ( Test/QuickCheck/Text.hs, dist/build/Test/QuickCheck/Text.o )
[ 4 of 15] Compiling Test.QuickCheck.State ( Test/QuickCheck/State.hs, dist/build/Test/QuickCheck/State.o )
[ 5 of 15] Compiling Test.QuickCheck.Gen ( Test/QuickCheck/Gen.hs, dist/build/Test/QuickCheck/Gen.o )
[ 6 of 15] Compiling Test.QuickCheck.Gen.Unsafe ( Test/QuickCheck/Gen/Unsafe.hs, dist/build/Test/QuickCheck/Gen/Unsafe.o )
[ 7 of 15] Compiling Test.QuickCheck.Arbitrary ( Test/QuickCheck/Arbitrary.hs, dist/build/Test/QuickCheck/Arbitrary.o )

Test/QuickCheck/Arbitrary.hs:317:10: Warning: Unrecognised pragma

Test/QuickCheck/Arbitrary.hs:320:10: Warning: Unrecognised pragma
[ 8 of 15] Compiling Test.QuickCheck.Modifiers ( Test/QuickCheck/Modifiers.hs, dist/build/Test/QuickCheck/Modifiers.o )
[ 9 of 15] Compiling Test.QuickCheck.Poly ( Test/QuickCheck/Poly.hs, dist/build/Test/QuickCheck/Poly.o )
[10 of 15] Compiling Test.QuickCheck.Function ( Test/QuickCheck/Function.hs, dist/build/Test/QuickCheck/Function.o )
[11 of 15] Compiling Test.QuickCheck.Property ( Test/QuickCheck/Property.hs, dist/build/Test/QuickCheck/Property.o )
[12 of 15] Compiling Test.QuickCheck.Test ( Test/QuickCheck/Test.hs, dist/build/Test/QuickCheck/Test.o )
[13 of 15] Compiling Test.QuickCheck.All ( Test/QuickCheck/All.hs, dist/build/Test/QuickCheck/All.o )
[14 of 15] Compiling Test.QuickCheck.Monadic ( Test/QuickCheck/Monadic.hs, dist/build/Test/QuickCheck/Monadic.o )
[15 of 15] Compiling Test.QuickCheck  ( Test/QuickCheck.hs, dist/build/Test/QuickCheck.o )
Installing library in
/home/travis/.cabal/store/ghc-7.8.4/QuickCheck-2.9.2-c381de3a754cd7acfc60a00cb91c80adeb5ddf3b69a6a931c6cb15e9936aff65/lib
Creating package registration file:
/home/travis/build/ezyang/cabal/dist-newstyle/tmp/package-registration-4528676211017679567
