Configuring text-1.2.2.1...
Building text-1.2.2.1...
Preprocessing library text-1.2.2.1...
[ 1 of 44] Compiling Data.Text.Internal.Read ( Data/Text/Internal/Read.hs, dist/build/Data/Text/Internal/Read.o )
[ 2 of 44] Compiling Data.Text.Internal.Encoding.Utf32 ( Data/Text/Internal/Encoding/Utf32.hs, dist/build/Data/Text/Internal/Encoding/Utf32.o )
[ 3 of 44] Compiling Data.Text.Internal.Builder.RealFloat.Functions ( Data/Text/Internal/Builder/RealFloat/Functions.hs, dist/build/Data/Text/Internal/Builder/RealFloat/Functions.o )
[ 4 of 44] Compiling Data.Text.Internal.Builder.Int.Digits ( Data/Text/Internal/Builder/Int/Digits.hs, dist/build/Data/Text/Internal/Builder/Int/Digits.o )
[ 5 of 44] Compiling Data.Text.Encoding.Error ( Data/Text/Encoding/Error.hs, dist/build/Data/Text/Encoding/Error.o )
[ 6 of 44] Compiling Data.Text.Internal.Unsafe.Shift ( Data/Text/Internal/Unsafe/Shift.hs, dist/build/Data/Text/Internal/Unsafe/Shift.o )
[ 7 of 44] Compiling Data.Text.Internal.Encoding.Utf16 ( Data/Text/Internal/Encoding/Utf16.hs, dist/build/Data/Text/Internal/Encoding/Utf16.o )
[ 8 of 44] Compiling Data.Text.Internal.Functions ( Data/Text/Internal/Functions.hs, dist/build/Data/Text/Internal/Functions.o )
[ 9 of 44] Compiling Data.Text.Internal.Unsafe ( Data/Text/Internal/Unsafe.hs, dist/build/Data/Text/Internal/Unsafe.o )
[10 of 44] Compiling Data.Text.Array  ( Data/Text/Array.hs, dist/build/Data/Text/Array.o )
[11 of 44] Compiling Data.Text.Internal.Unsafe.Char ( Data/Text/Internal/Unsafe/Char.hs, dist/build/Data/Text/Internal/Unsafe/Char.o )
[12 of 44] Compiling Data.Text.Internal ( Data/Text/Internal.hs, dist/build/Data/Text/Internal.o )
[13 of 44] Compiling Data.Text.Internal.Fusion.Size ( Data/Text/Internal/Fusion/Size.hs, dist/build/Data/Text/Internal/Fusion/Size.o )
[14 of 44] Compiling Data.Text.Internal.Fusion.Types ( Data/Text/Internal/Fusion/Types.hs, dist/build/Data/Text/Internal/Fusion/Types.o )
[15 of 44] Compiling Data.Text.Internal.Fusion.CaseMapping ( Data/Text/Internal/Fusion/CaseMapping.hs, dist/build/Data/Text/Internal/Fusion/CaseMapping.o )
[16 of 44] Compiling Data.Text.Internal.Fusion.Common ( Data/Text/Internal/Fusion/Common.hs, dist/build/Data/Text/Internal/Fusion/Common.o )
[17 of 44] Compiling Data.Text.Unsafe ( Data/Text/Unsafe.hs, dist/build/Data/Text/Unsafe.o )
[18 of 44] Compiling Data.Text.Internal.Private ( Data/Text/Internal/Private.hs, dist/build/Data/Text/Internal/Private.o )
[19 of 44] Compiling Data.Text.Internal.Fusion ( Data/Text/Internal/Fusion.hs, dist/build/Data/Text/Internal/Fusion.o )
[20 of 44] Compiling Data.Text.Show   ( Data/Text/Show.hs, dist/build/Data/Text/Show.o )
[21 of 44] Compiling Data.Text.Internal.Encoding.Fusion.Common ( Data/Text/Internal/Encoding/Fusion/Common.hs, dist/build/Data/Text/Internal/Encoding/Fusion/Common.o )
[22 of 44] Compiling Data.Text.Internal.Encoding.Utf8 ( Data/Text/Internal/Encoding/Utf8.hs, dist/build/Data/Text/Internal/Encoding/Utf8.o )
[23 of 44] Compiling Data.Text.Internal.Encoding.Fusion ( Data/Text/Internal/Encoding/Fusion.hs, dist/build/Data/Text/Internal/Encoding/Fusion.o )
[24 of 44] Compiling Data.Text.Encoding ( Data/Text/Encoding.hs, dist/build/Data/Text/Encoding.o )
[25 of 44] Compiling Data.Text.Internal.Lazy.Encoding.Fusion ( Data/Text/Internal/Lazy/Encoding/Fusion.hs, dist/build/Data/Text/Internal/Lazy/Encoding/Fusion.o )
[26 of 44] Compiling Data.Text.Internal.Search ( Data/Text/Internal/Search.hs, dist/build/Data/Text/Internal/Search.o )
[27 of 44] Compiling Data.Text.Foreign ( Data/Text/Foreign.hs, dist/build/Data/Text/Foreign.o )
[28 of 44] Compiling Data.Text        ( Data/Text.hs, dist/build/Data/Text.o )
[29 of 44] Compiling Data.Text.Internal.IO ( Data/Text/Internal/IO.hs, dist/build/Data/Text/Internal/IO.o )
[30 of 44] Compiling Data.Text.IO     ( Data/Text/IO.hs, dist/build/Data/Text/IO.o )
[31 of 44] Compiling Data.Text.Internal.Lazy ( Data/Text/Internal/Lazy.hs, dist/build/Data/Text/Internal/Lazy.o )
[32 of 44] Compiling Data.Text.Internal.Lazy.Fusion ( Data/Text/Internal/Lazy/Fusion.hs, dist/build/Data/Text/Internal/Lazy/Fusion.o )
[33 of 44] Compiling Data.Text.Internal.Lazy.Search ( Data/Text/Internal/Lazy/Search.hs, dist/build/Data/Text/Internal/Lazy/Search.o )
[34 of 44] Compiling Data.Text.Lazy.Internal ( Data/Text/Lazy/Internal.hs, dist/build/Data/Text/Lazy/Internal.o )
[35 of 44] Compiling Data.Text.Lazy.Encoding ( Data/Text/Lazy/Encoding.hs, dist/build/Data/Text/Lazy/Encoding.o )
[36 of 44] Compiling Data.Text.Lazy   ( Data/Text/Lazy.hs, dist/build/Data/Text/Lazy.o )
[37 of 44] Compiling Data.Text.Internal.Builder ( Data/Text/Internal/Builder.hs, dist/build/Data/Text/Internal/Builder.o )
[38 of 44] Compiling Data.Text.Lazy.Builder ( Data/Text/Lazy/Builder.hs, dist/build/Data/Text/Lazy/Builder.o )
[39 of 44] Compiling Data.Text.Internal.Builder.Functions ( Data/Text/Internal/Builder/Functions.hs, dist/build/Data/Text/Internal/Builder/Functions.o )
[40 of 44] Compiling Data.Text.Lazy.Builder.Int ( Data/Text/Lazy/Builder/Int.hs, dist/build/Data/Text/Lazy/Builder/Int.o )
[41 of 44] Compiling Data.Text.Lazy.IO ( Data/Text/Lazy/IO.hs, dist/build/Data/Text/Lazy/IO.o )
[42 of 44] Compiling Data.Text.Lazy.Read ( Data/Text/Lazy/Read.hs, dist/build/Data/Text/Lazy/Read.o )
[43 of 44] Compiling Data.Text.Lazy.Builder.RealFloat ( Data/Text/Lazy/Builder/RealFloat.hs, dist/build/Data/Text/Lazy/Builder/RealFloat.o )
[44 of 44] Compiling Data.Text.Read   ( Data/Text/Read.hs, dist/build/Data/Text/Read.o )
Installing library in
/home/travis/.cabal/store/ghc-7.10.3/text-1.2.2.1-78576e9b1e5bd3089726a9044c764b870dda7b4864f6ab653a7e549915e3c95f/lib
Creating package registration file:
/home/travis/build/ezyang/cabal/dist-newstyle/tmp/package-registration-1569229320705178736
